2020-02-13 16:40:09 INFO  Control:24 - User:
2020-02-13 16:40:13 INFO  Control:26 - password:
2020-02-13 16:40:17 INFO  Control:49 - What would you like to access?
1.Customers
2.Items
3.Orders
4.Users
2020-02-13 16:41:32 INFO  Control:24 - User:
2020-02-13 16:41:32 INFO  Control:24 - User:
2020-02-13 16:41:35 INFO  Control:26 - password:
2020-02-13 16:41:38 INFO  Control:49 - What would you like to access?
1.Customers
2.Items
3.Orders
4.Users
2020-02-13 16:41:39 INFO  Control:62 - What would you like to access?
1.Create
2.Read
3.Update
4.Delete
2020-02-13 16:41:40 DEBUG MySQLCustomerDAO:56 - [Ljava.lang.StackTraceElement;@5e25a92e
2020-02-13 16:55:58 INFO  Control:24 - User:
2020-02-13 16:56:04 INFO  Control:26 - password:
2020-02-13 16:56:07 INFO  Control:49 - What would you like to access?
1.Customers
2.Items
3.Orders
4.Users
2020-02-13 16:56:08 INFO  Control:62 - What would you like to access?
1.Create
2.Read
3.Update
4.Delete
2020-02-13 16:56:08 DEBUG MySQLCustomerDAO:56 - [Ljava.lang.StackTraceElement;@5e25a92e
2020-02-13 17:09:25 INFO  Control:24 - User:
2020-02-13 17:09:31 INFO  Control:26 - password:
2020-02-13 17:09:35 INFO  Control:49 - What would you like to access?
1.Customers
2.Items
3.Orders
4.Users
2020-02-13 17:09:36 INFO  Control:62 - What would you like to access?
1.Create
2.Read
3.Update
4.Delete
2020-02-13 17:09:37 ERROR MySQLCustomerDAO:59 - com.qa.databases.daos.MySQLCustomerDAO.<init>(MySQLCustomerDAO.java:55)
2020-02-13 17:09:37 ERROR MySQLCustomerDAO:59 - com.qa.databases.persistances.Control.choose(Control.java:74)
2020-02-13 17:09:37 ERROR MySQLCustomerDAO:59 - com.qa.databases.persistances.Control.menu(Control.java:39)
2020-02-13 17:09:37 ERROR MySQLCustomerDAO:59 - com.qa.databases.persistances.Runner.main(Runner.java:15)
2020-02-13 17:12:19 INFO  Control:24 - User:
2020-02-13 17:12:25 INFO  Control:26 - password:
2020-02-13 17:12:28 INFO  Control:49 - What would you like to access?
1.Customers
2.Items
3.Orders
4.Users
2020-02-13 17:12:29 INFO  Control:62 - What would you like to access?
1.Create
2.Read
3.Update
4.Delete
2020-02-13 17:12:31 INFO  MySQLCustomerDAO:87 - Fristname:
2020-02-13 17:12:36 INFO  MySQLCustomerDAO:89 - Last Name:
2020-02-13 17:12:37 INFO  Runner:16 - Do you want to continue(Y/N)?
2020-02-13 17:12:39 INFO  Control:49 - What would you like to access?
1.Customers
2.Items
3.Orders
4.Users
2020-02-13 17:16:39 INFO  Control:62 - What would you like to access?
1.Create
2.Read
3.Update
4.Delete
2020-02-13 17:16:40 INFO  MySQLCustomerDAO:151 - 1 | bob | jeff
2020-02-13 17:16:40 INFO  MySQLCustomerDAO:151 - 2 | bob | jeff
2020-02-13 17:16:40 INFO  MySQLCustomerDAO:151 - 3 | sdf | dsf
2020-02-13 17:16:40 INFO  Runner:16 - Do you want to continue(Y/N)?
2020-02-13 17:39:32 INFO  Control:49 - What would you like to access?
1.Customers
2.Items
3.Orders
4.Users
2020-02-13 17:39:38 INFO  Control:62 - What would you like to access?
1.Create
2.Read
3.Update
4.Delete
2020-02-13 17:39:51 INFO  MySQLItemsDAO:68 - Item name:
2020-02-13 17:39:59 INFO  MySQLItemsDAO:70 - Price:
2020-02-13 17:40:01 INFO  Runner:16 - Do you want to continue(Y/N)?
2020-02-13 17:40:03 INFO  Control:49 - What would you like to access?
1.Customers
2.Items
3.Orders
4.Users
2020-02-13 17:40:04 INFO  Control:62 - What would you like to access?
1.Create
2.Read
3.Update
4.Delete
2020-02-13 17:40:06 INFO  Control:89 - customerID:
2020-02-13 17:40:07 INFO  MySQLOrderedItemsDAO:82 - Item's ID: 
(press 0 once you are done)
2020-02-13 17:40:09 INFO  MySQLOrderedItemsDAO:90 - >
2020-02-13 17:40:09 INFO  MySQLOrderedItemsDAO:90 - >
2020-02-13 17:40:11 INFO  Runner:16 - Do you want to continue(Y/N)?
2020-02-13 17:40:14 INFO  Control:49 - What would you like to access?
1.Customers
2.Items
3.Orders
4.Users
2020-02-13 17:40:16 INFO  Control:62 - What would you like to access?
1.Create
2.Read
3.Update
4.Delete
2020-02-13 17:40:18 INFO  Control:112 - 1.All orders
2.Details of specific order
2020-02-13 17:40:20 INFO  MySQLOrderedItemsDAO:108 - OrderID:
2020-02-13 17:40:23 INFO  MySQLOrderedItemsDAO:116 - 3 | 1 | 2
2020-02-13 17:40:23 INFO  MySQLOrderedItemsDAO:116 - 4 | 2 | 2
2020-02-13 17:40:23 INFO  Runner:16 - Do you want to continue(Y/N)?
2020-02-13 17:40:24 INFO  Control:49 - What would you like to access?
1.Customers
2.Items
3.Orders
4.Users
2020-02-13 18:19:50 INFO  Control:62 - What would you like to access?
1.Create
2.Read
3.Update
4.Delete
2020-02-13 18:19:54 INFO  Runner:16 - Do you want to continue(Y/N)?
2020-02-13 18:19:57 INFO  Control:49 - What would you like to access?
1.Customers
2.Items
3.Orders
4.Users
2020-02-13 18:19:58 INFO  Control:62 - What would you like to access?
1.Create
2.Read
3.Update
4.Delete
2020-02-13 18:20:05 INFO  MySQLCustomerDAO:127 - Customer ID:
2020-02-13 18:20:08 DEBUG MySQLCustomerDAO:131 - [Ljava.lang.StackTraceElement;@51b7e5df
2020-02-13 18:20:08 INFO  Runner:16 - Do you want to continue(Y/N)?
2020-02-13 18:20:21 INFO  Control:49 - What would you like to access?
1.Customers
2.Items
3.Orders
4.Users
2020-02-13 18:20:23 INFO  Control:62 - What would you like to access?
1.Create
2.Read
3.Update
4.Delete
2020-02-13 18:20:25 INFO  MySQLCustomerDAO:151 - 1 | bob | jeff
2020-02-13 18:20:25 INFO  MySQLCustomerDAO:151 - 2 | bob | jeff
2020-02-13 18:20:25 INFO  MySQLCustomerDAO:151 - 3 | sdf | dsf
2020-02-13 18:20:25 INFO  Runner:16 - Do you want to continue(Y/N)?
2020-02-13 18:20:32 INFO  Control:49 - What would you like to access?
1.Customers
2.Items
3.Orders
4.Users
2020-02-13 18:20:34 INFO  Control:62 - What would you like to access?
1.Create
2.Read
3.Update
4.Delete
2020-02-13 18:20:41 INFO  MySQLCustomerDAO:127 - Customer ID:
2020-02-13 18:20:43 INFO  Runner:16 - Do you want to continue(Y/N)?
2020-02-13 18:20:47 INFO  Control:49 - What would you like to access?
1.Customers
2.Items
3.Orders
4.Users
2020-02-13 18:20:50 INFO  Control:62 - What would you like to access?
1.Create
2.Read
3.Update
4.Delete
2020-02-13 18:20:52 INFO  MySQLCustomerDAO:151 - 1 | bob | jeff
2020-02-13 18:20:52 INFO  MySQLCustomerDAO:151 - 3 | sdf | dsf
2020-02-13 18:20:52 INFO  Runner:16 - Do you want to continue(Y/N)?
2020-02-13 18:28:04 INFO  Control:24 - User:
2020-02-13 18:28:07 INFO  Control:26 - password:
2020-02-13 18:28:10 INFO  Control:49 - What would you like to access?
1.Customers
2.Items
3.Orders
4.Users
2020-02-13 18:28:14 INFO  Control:62 - What would you like to access?
1.Create
2.Read
3.Update
4.Delete
2020-02-13 18:28:21 INFO  MySQLCustomerDAO:127 - Customer ID:
2020-02-13 18:28:22 INFO  Runner:16 - Do you want to continue(Y/N)?
2020-02-13 18:28:29 INFO  Control:49 - What would you like to access?
1.Customers
2.Items
3.Orders
4.Users
2020-02-13 18:28:31 INFO  Control:62 - What would you like to access?
1.Create
2.Read
3.Update
4.Delete
2020-02-13 18:28:37 INFO  MySQLCustomerDAO:127 - Customer ID:
2020-02-13 18:29:18 INFO  Control:24 - User:
2020-02-13 18:29:24 INFO  Control:26 - password:
2020-02-13 18:29:28 INFO  Control:49 - What would you like to access?
1.Customers
2.Items
3.Orders
4.Users
2020-02-13 18:29:52 INFO  Control:62 - What would you like to access?
1.Create
2.Read
3.Update
4.Delete
2020-02-13 18:30:00 INFO  MySQLCustomerDAO:128 - Customer ID:
2020-02-13 18:30:02 DEBUG MySQLCustomerDAO:134 - [Ljava.lang.StackTraceElement;@797badd3
2020-02-13 18:30:02 INFO  Runner:16 - Do you want to continue(Y/N)?
2020-02-13 20:51:46 INFO  Control:24 - User:
2020-02-13 20:51:51 INFO  Control:26 - password:
2020-02-13 20:51:57 INFO  Control:49 - What would you like to access?
1.Customers
2.Items
3.Orders
4.Users
2020-02-13 20:52:00 INFO  Control:62 - What would you like to access?
1.Create
2.Read
3.Update
4.Delete
2020-02-13 20:52:02 INFO  MySQLCustomerDAO:156 - 1 | bob | jeff
2020-02-13 20:52:02 INFO  MySQLCustomerDAO:156 - 3 | sdf | dsf
2020-02-13 20:52:02 INFO  Runner:16 - Do you want to continue(Y/N)?
2020-02-14 00:58:31 INFO  Control:22 - User:
2020-02-14 00:58:36 INFO  Control:24 - password:
2020-02-14 00:58:39 DEBUG Control:29 - [Ljava.lang.StackTraceElement;@d35dea7
2020-02-14 00:58:39 INFO  Control:47 - What would you like to access?
1.Customers
2.Items
3.Orders
4.Users
2020-02-14 00:58:54 INFO  Control:22 - User:
2020-02-14 00:58:58 INFO  Control:24 - password:
2020-02-14 00:59:03 INFO  Control:47 - What would you like to access?
1.Customers
2.Items
3.Orders
4.Users
2020-02-14 00:59:05 INFO  Control:59 - What would you like to access?
1.Create
2.Read
3.Update
4.Delete
2020-02-14 00:59:07 INFO  MySQLCustomerDAO:154 - 1 | bob | jeff
2020-02-14 00:59:07 INFO  MySQLCustomerDAO:154 - 3 | sdf | dsf
2020-02-14 00:59:07 INFO  Runner:16 - Do you want to continue(Y/N)?
2020-02-14 00:59:09 INFO  Control:47 - What would you like to access?
1.Customers
2.Items
3.Orders
4.Users
2020-02-14 00:59:11 INFO  Control:59 - What would you like to access?
1.Create
2.Read
3.Update
4.Delete
2020-02-14 00:59:12 INFO  MySQLItemsDAO:136 - 1 | keyboard | 20.23
2020-02-14 00:59:12 INFO  MySQLItemsDAO:136 - 2 | pc | 45.00
2020-02-14 00:59:12 INFO  MySQLItemsDAO:136 - 3 | sdfgdf | 5645.00
2020-02-14 00:59:12 INFO  Runner:16 - Do you want to continue(Y/N)?
2020-02-14 00:59:14 INFO  Control:47 - What would you like to access?
1.Customers
2.Items
3.Orders
4.Users
2020-02-14 00:59:16 INFO  Control:59 - What would you like to access?
1.Create
2.Read
3.Update
4.Delete
2020-02-14 00:59:18 INFO  Control:109 - 1.All orders
2.Details of specific order
2020-02-14 00:59:19 INFO  MySQLOrdersDAO:118 - 1 | 1 | 20.23
2020-02-14 00:59:19 INFO  MySQLOrdersDAO:118 - 2 | 1 | 10278.41
2020-02-14 00:59:19 INFO  Runner:16 - Do you want to continue(Y/N)?
2020-02-14 00:59:21 INFO  Control:47 - What would you like to access?
1.Customers
2.Items
3.Orders
4.Users
2020-02-14 00:59:23 INFO  Control:59 - What would you like to access?
1.Create
2.Read
3.Update
4.Delete
2020-02-14 00:59:25 INFO  MySQLItemsDAO:136 - 1 | keyboard | 20.23
2020-02-14 00:59:25 INFO  MySQLItemsDAO:136 - 2 | pc | 45.00
2020-02-14 00:59:25 INFO  MySQLItemsDAO:136 - 3 | sdfgdf | 5645.00
2020-02-14 00:59:25 INFO  Runner:16 - Do you want to continue(Y/N)?
2020-02-14 00:59:29 INFO  Control:47 - What would you like to access?
1.Customers
2.Items
3.Orders
4.Users
2020-02-14 00:59:30 INFO  Control:59 - What would you like to access?
1.Create
2.Read
3.Update
4.Delete
2020-02-14 00:59:32 INFO  Control:109 - 1.All orders
2.Details of specific order
2020-02-14 00:59:33 INFO  MySQLOrderedItemsDAO:107 - OrderID:
2020-02-14 00:59:34 INFO  MySQLOrderedItemsDAO:115 - 1 | 1 | 1
2020-02-14 00:59:34 INFO  Runner:16 - Do you want to continue(Y/N)?
2020-02-14 00:59:36 INFO  Control:47 - What would you like to access?
1.Customers
2.Items
3.Orders
4.Users
2020-02-14 00:59:37 INFO  Control:59 - What would you like to access?
1.Create
2.Read
3.Update
4.Delete
2020-02-14 00:59:44 INFO  Runner:16 - Do you want to continue(Y/N)?
2020-02-14 00:59:47 INFO  Control:47 - What would you like to access?
1.Customers
2.Items
3.Orders
4.Users
2020-02-14 00:59:49 INFO  Control:59 - What would you like to access?
1.Create
2.Read
3.Update
4.Delete
2020-02-14 00:59:50 INFO  MySQLCustomerDAO:86 - First name:
2020-02-14 00:59:53 INFO  MySQLCustomerDAO:88 - Last Name:
2020-02-14 00:59:54 INFO  Runner:16 - Do you want to continue(Y/N)?
2020-02-14 00:59:56 INFO  Control:47 - What would you like to access?
1.Customers
2.Items
3.Orders
4.Users
2020-02-14 01:08:51 INFO  Control:23 - User:
2020-02-14 01:08:56 INFO  Control:25 - password:
2020-02-14 01:09:01 INFO  Control:48 - What would you like to access?
1.Customers
2.Items
3.Orders
4.Users
2020-02-14 01:09:03 INFO  Control:60 - What would you like to access?
1.Create
2.Read
3.Update
4.Delete
2020-02-14 01:09:05 INFO  MySQLCustomerDAO:151 - 1 | bob | jeff
2020-02-14 01:09:05 INFO  MySQLCustomerDAO:151 - 3 | sdf | dsf
2020-02-14 01:09:05 INFO  MySQLCustomerDAO:151 - 4 | df | dfg
2020-02-14 01:09:05 INFO  Runner:14 - Do you want to continue(Y/N)?
2020-02-14 01:09:07 INFO  Control:48 - What would you like to access?
1.Customers
2.Items
3.Orders
4.Users
2020-02-14 01:09:09 INFO  Control:60 - What would you like to access?
1.Create
2.Read
3.Update
4.Delete
2020-02-14 01:09:10 INFO  MySQLItemsDAO:132 - 1 | keyboard | 20.23
2020-02-14 01:09:10 INFO  MySQLItemsDAO:132 - 2 | pc | 45.00
2020-02-14 01:09:10 INFO  MySQLItemsDAO:132 - 3 | sdfgdf | 5645.00
2020-02-14 01:09:10 INFO  Runner:14 - Do you want to continue(Y/N)?
2020-02-14 01:09:11 INFO  Control:48 - What would you like to access?
1.Customers
2.Items
3.Orders
4.Users
2020-02-14 01:09:12 INFO  Control:60 - What would you like to access?
1.Create
2.Read
3.Update
4.Delete
2020-02-14 01:09:14 INFO  Control:129 - 1.All orders
2.Details of specific order
2020-02-14 01:09:17 INFO  MySQLOrdersDAO:116 - 1 | 1 | 20.23
2020-02-14 01:09:17 INFO  MySQLOrdersDAO:116 - 2 | 1 | 10278.41
2020-02-14 01:09:17 INFO  Runner:14 - Do you want to continue(Y/N)?
2020-02-14 01:09:18 INFO  Control:48 - What would you like to access?
1.Customers
2.Items
3.Orders
4.Users
2020-02-14 01:09:20 INFO  Control:60 - What would you like to access?
1.Create
2.Read
3.Update
4.Delete
2020-02-14 01:09:22 INFO  Control:129 - 1.All orders
2.Details of specific order
2020-02-14 01:09:23 INFO  MySQLOrderedItemsDAO:105 - OrderID:
2020-02-14 01:09:24 INFO  MySQLOrderedItemsDAO:113 - 3 | 1 | 2
2020-02-14 01:09:24 INFO  MySQLOrderedItemsDAO:113 - 4 | 2 | 2
2020-02-14 01:09:24 INFO  Runner:14 - Do you want to continue(Y/N)?
2020-02-14 01:09:26 INFO  Control:48 - What would you like to access?
1.Customers
2.Items
3.Orders
4.Users
2020-02-14 01:09:27 INFO  Control:60 - What would you like to access?
1.Create
2.Read
3.Update
4.Delete
2020-02-14 01:09:36 INFO  Runner:14 - Do you want to continue(Y/N)?
2020-02-14 01:09:37 INFO  Control:48 - What would you like to access?
1.Customers
2.Items
3.Orders
4.Users
2020-02-14 01:09:39 INFO  Control:60 - What would you like to access?
1.Create
2.Read
3.Update
4.Delete
2020-02-14 01:09:44 INFO  Runner:14 - Do you want to continue(Y/N)?
